<?xml version="1.0" encoding="UTF-8"?>
<!-- Generated by org.testng.reporters.JUnitReportReporter -->
<testsuite hostname="DESKTOP-N1IM0QJ" failures="0" tests="3" name="test.DataProviderParameter" time="0.024" errors="0" timestamp="2022-07-20T22:56:31 GMT-07:00" skipped="0">
  <testcase classname="test.DataProviderParameter" name="myTest" time="0.007"/>
  <system-out/>
  <testcase classname="test.DataProviderParameter" name="myTest" time="0.013"/>
  <system-out/>
  <testcase classname="test.DataProviderParameter" name="myTest" time="0.004"/>
  <system-out/>
</testsuite> <!-- test.DataProviderParameter -->
