<?xml version="1.0" encoding="UTF-8"?>
<!-- Generated by org.testng.reporters.JUnitReportReporter -->
<testsuite hostname="DESKTOP-N1IM0QJ" failures="0" tests="4" name="test.Practise" time="0.023" errors="0" timestamp="2022-07-20T01:35:44 GMT-07:00" skipped="1">
  <testcase classname="test.Practise" name="F" time="0.003"/>
  <system-out/>
  <testcase classname="test.Practise" name="Apple" time="0.016"/>
  <system-out/>
  <testcase classname="test.Practise" name="Mango" time="0.004"/>
  <system-out/>
  <testcase classname="test.Practise" name="C">
    <skipped/>
  </testcase> <!-- C -->
  <system-out/>
</testsuite> <!-- test.Practise -->
