<?xml version="1.0" encoding="UTF-8"?>
<!-- Generated by org.testng.reporters.JUnitReportReporter -->
<testsuite hostname="DESKTOP-N1IM0QJ" failures="0" tests="2" name="test.Practise2" time="0.017" errors="0" timestamp="2022-07-19T08:39:32 GMT-07:00" skipped="0">
  <testcase classname="test.Practise2" name="Test" time="0.014"/>
  <system-out/>
  <testcase classname="test.Practise2" name="Test1" time="0.003"/>
  <system-out/>
</testsuite> <!-- test.Practise2 -->
