<?xml version="1.0" encoding="UTF-8"?>
<!-- Generated by org.testng.reporters.JUnitReportReporter -->
<testsuite hostname="DESKTOP-N1IM0QJ" failures="0" tests="3" name="test.PractiseParameters" time="0.019" errors="0" timestamp="2022-07-20T01:58:57 GMT-07:00" skipped="0">
  <testcase classname="test.PractiseParameters" name="Multiply" time="0.003"/>
  <system-out/>
  <testcase classname="test.PractiseParameters" name="Divide" time="0.014"/>
  <system-out/>
  <testcase classname="test.PractiseParameters" name="Sum" time="0.002"/>
  <system-out/>
</testsuite> <!-- test.PractiseParameters -->
